2022-11-22T13:57:18.525Z
cwd: /Users/russell.poulter/Documents/nhs-prototypes/tnt-starter-kit/test-and-trace-service-starter
package: govuk-prototype-kit@13.0.0
argv: /Users/russell.poulter/.nvm/versions/node/v18.12.1/bin/node /Users/russell.poulter/.npm/_npx/ab0cb2c39bc0319f/node_modules/.bin/govuk-prototype-kit migrate
Started [Check migration is being applied to a pre v13 prototype]
Succeeded [Check migration is being applied to a pre v13 prototype]
2022-11-22T13:57:35.297Z
cwd: /Users/russell.poulter/Documents/nhs-prototypes/tnt-starter-kit/test-and-trace-service-starter
package: govuk-prototype-kit@13.0.0
argv: /Users/russell.poulter/.nvm/versions/node/v18.12.1/bin/node /Users/russell.poulter/Documents/nhs-prototypes/tnt-starter-kit/test-and-trace-service-starter/node_modules/.bin/govuk-prototype-kit migrate -- /Users/russell.poulter/Documents/nhs-prototypes/tnt-starter-kit/test-and-trace-service-starter
Started [Migrate config.js to config.json]
Started [Update application SCSS file]
Started [Deleted files that are no longer needed]
Started [Deleted directories that are no longer needed]
Started [Delete /Users/russell.poulter/Documents/nhs-prototypes/tnt-starter-kit/test-and-trace-service-starter/.port.tmp]
Started [Delete /Users/russell.poulter/Documents/nhs-prototypes/tnt-starter-kit/test-and-trace-service-starter/listen-on-port.js]
Started [Delete /Users/russell.poulter/Documents/nhs-prototypes/tnt-starter-kit/test-and-trace-service-starter/server.js]
Started [Delete /Users/russell.poulter/Documents/nhs-prototypes/tnt-starter-kit/test-and-trace-service-starter/start.js]
Started [Delete /Users/russell.poulter/Documents/nhs-prototypes/tnt-starter-kit/test-and-trace-service-starter/Procfile]
Started [Delete /Users/russell.poulter/Documents/nhs-prototypes/tnt-starter-kit/test-and-trace-service-starter/VERSION.txt]
Started [Remove unused directory docs]
Started [Remove unused directory lib]
Started [Remove unused directory public]
Succeeded [Migrate config.js to config.json]
Started [Overwrite app/filters.js]
Started [Overwrite app/assets/javascripts/application.js]
Started [Overwrite app/views/layout.html]
Succeeded [Delete /Users/russell.poulter/Documents/nhs-prototypes/tnt-starter-kit/test-and-trace-service-starter/listen-on-port.js]
Succeeded [Delete /Users/russell.poulter/Documents/nhs-prototypes/tnt-starter-kit/test-and-trace-service-starter/server.js]
Succeeded [Delete /Users/russell.poulter/Documents/nhs-prototypes/tnt-starter-kit/test-and-trace-service-starter/start.js]
Succeeded [Delete /Users/russell.poulter/Documents/nhs-prototypes/tnt-starter-kit/test-and-trace-service-starter/Procfile]
Succeeded [Delete /Users/russell.poulter/Documents/nhs-prototypes/tnt-starter-kit/test-and-trace-service-starter/VERSION.txt]
Succeeded [Delete /Users/russell.poulter/Documents/nhs-prototypes/tnt-starter-kit/test-and-trace-service-starter/.port.tmp]
copying from [/Users/russell.poulter/Documents/nhs-prototypes/tnt-starter-kit/test-and-trace-service-starter/node_modules/govuk-prototype-kit/prototype-starter/app/filters.js] to [/Users/russell.poulter/Documents/nhs-prototypes/tnt-starter-kit/test-and-trace-service-starter/app/filters.js]
copying from [/Users/russell.poulter/Documents/nhs-prototypes/tnt-starter-kit/test-and-trace-service-starter/node_modules/govuk-prototype-kit/prototype-starter/app/assets/javascripts/application.js] to [/Users/russell.poulter/Documents/nhs-prototypes/tnt-starter-kit/test-and-trace-service-starter/app/assets/javascripts/application.js]
Started [Delete app/assets/images/separator-2x.png]
Failed [Overwrite app/views/layout.html]
Started [Delete app/assets/javascripts/auto-store-data.js]
Started [Delete app/assets/images/separator.png]
Started [Delete app/assets/sass/unbranded-ie8.scss]
Started [Delete app/assets/images/unbranded.ico]
Started [Delete app/assets/sass/unbranded.scss]
Started [Delete app/views/includes/breadcrumb_examples.html]
Started [Delete app/views/layout_unbranded.html]
Started [Delete app/assets/sass/patterns/_contents-list.scss]
Started [Delete app/assets/sass/patterns/_mainstream-guide.scss]
Started [Delete app/assets/sass/patterns/_pagination.scss]
Started [Delete app/assets/sass/patterns/_related-items.scss]
Succeeded [Deleted files that are no longer needed]
Started [Delete app/assets/sass/patterns/_task-list.scss]
Found [// Add your routes here - above the module.exports line] in [/Users/russell.poulter/Documents/nhs-prototypes/tnt-starter-kit/test-and-trace-service-starter/app/routes.js, replacing
Keeping these lines from old file
Succeeded [Delete app/assets/images/separator-2x.png]
Succeeded [Delete app/assets/images/separator.png]
Succeeded [Delete app/assets/javascripts/auto-store-data.js]
Succeeded [Delete app/assets/images/unbranded.ico]
Succeeded [Delete app/views/layout_unbranded.html]
Succeeded [Delete app/assets/sass/unbranded.scss]
Succeeded [Delete app/assets/sass/patterns/_mainstream-guide.scss]
Succeeded [Delete app/assets/sass/patterns/_pagination.scss]
Succeeded [Delete app/assets/sass/unbranded-ie8.scss]
Succeeded [Delete app/views/includes/breadcrumb_examples.html]
Succeeded [Delete app/assets/sass/patterns/_related-items.scss]
Succeeded [Delete app/assets/sass/patterns/_contents-list.scss]
Found [// Add extra styles here, or re-organise the Sass files in whichever way makes most sense to you] in [/Users/russell.poulter/Documents/nhs-prototypes/tnt-starter-kit/test-and-trace-service-starter/app/assets/sass/application.scss, replacing
Succeeded [Delete app/assets/sass/patterns/_task-list.scss]
Keeping these lines from old file
Started [Delete app/assets/javascripts/jquery-1.11.3.js]
Succeeded [Update application SCSS file]
// ,// For guidance on how to create routes see:,// https://prototype-kit.service.gov.uk/docs/routes,// ,,const govukPrototypeKit = require('govuk-prototype-kit'),const router = govukPrototypeKit.requests.setupRouter(),,// Add your routes here,,,module.exports = router,
Found [module.exports = router;,module.exports = router] in [/Users/russell.poulter/Documents/nhs-prototypes/tnt-starter-kit/test-and-trace-service-starter/app/routes.js, removing
Succeeded [Delete app/assets/javascripts/jquery-1.11.3.js]
Succeeded [Remove unused directory public]
Succeeded [Remove unused directory lib]
Succeeded [Update routes file]
Succeeded [Overwrite app/filters.js]
Succeeded [Remove unused directory docs]
Succeeded [Deleted directories that are no longer needed]
Succeeded [Overwrite app/assets/javascripts/application.js]
Started [Remove old pattern includes from application SCSS file]
Succeeded [Remove old pattern includes from application SCSS file]
Started [Remove empty directory /app/assets/sass/patterns]
Started [Remove empty directory /app/assets/images]
Started [Remove empty directory /app/views/includes]
Skipped deleting /app/views/includes
Succeeded [Remove empty directory /app/assets/images]
Succeeded [Remove empty directory /app/assets/sass/patterns]
